c:\users\oliver\source\repos\volumecontrol_2\volumecontrol_2\x64\debug\volumecontrol_2.obj
c:\users\oliver\source\repos\volumecontrol_2\volumecontrol_2\x64\debug\processdata.obj
c:\users\oliver\source\repos\volumecontrol_2\volumecontrol_2\x64\debug\qrc_volumecontrol_2.obj
c:\users\oliver\source\repos\volumecontrol_2\volumecontrol_2\x64\debug\main.obj
c:\users\oliver\source\repos\volumecontrol_2\volumecontrol_2\x64\debug\moc_volumecontrol_2.obj
c:\users\oliver\source\repos\volumecontrol_2\volumecontrol_2\x64\debug\vc141.pdb
c:\users\oliver\source\repos\volumecontrol_2\volumecontrol_2\x64\debug\midiin.obj
c:\users\oliver\source\repos\volumecontrol_2\volumecontrol_2\x64\debug\serialin.obj
c:\users\oliver\source\repos\volumecontrol_2\x64\debug\volumecontrol_2.exe
c:\users\oliver\source\repos\volumecontrol_2\x64\debug\volumecontrol_2.ilk
c:\users\oliver\source\repos\volumecontrol_2\x64\debug\volumecontrol_2.pdb
c:\users\oliver\source\repos\volumecontrol_2\volumecontrol_2\generatedfiles\debug\moc_volumecontrol_2.cpp
c:\users\oliver\source\repos\volumecontrol_2\volumecontrol_2\generatedfiles\qrc_volumecontrol_2.cpp
c:\users\oliver\source\repos\volumecontrol_2\volumecontrol_2\generatedfiles\ui_volumecontrol_2.h
c:\users\oliver\source\repos\volumecontrol_2\volumecontrol_2\x64\debug\volumecontrol_2.tlog\cl.command.1.tlog
c:\users\oliver\source\repos\volumecontrol_2\volumecontrol_2\x64\debug\volumecontrol_2.tlog\cl.read.1.tlog
c:\users\oliver\source\repos\volumecontrol_2\volumecontrol_2\x64\debug\volumecontrol_2.tlog\cl.write.1.tlog
c:\users\oliver\source\repos\volumecontrol_2\volumecontrol_2\x64\debug\volumecontrol_2.tlog\link.command.1.tlog
c:\users\oliver\source\repos\volumecontrol_2\volumecontrol_2\x64\debug\volumecontrol_2.tlog\link.read.1.tlog
c:\users\oliver\source\repos\volumecontrol_2\volumecontrol_2\x64\debug\volumecontrol_2.tlog\link.write.1.tlog
c:\users\oliver\source\repos\volumecontrol_2\volumecontrol_2\x64\debug\volumecontrol_2.tlog\volumecontrol_2.write.1u.tlog
