c:\users\oliver\code\repos\personal\ada_assignment_3\ada_assignment_3\debug\ada_assignment_3.pch
c:\users\oliver\code\repos\personal\ada_assignment_3\ada_assignment_3\debug\vc141.pdb
c:\users\oliver\code\repos\personal\ada_assignment_3\ada_assignment_3\debug\vc141.idb
c:\users\oliver\code\repos\personal\ada_assignment_3\ada_assignment_3\debug\stdafx.obj
c:\users\oliver\code\repos\personal\ada_assignment_3\ada_assignment_3\debug\avltree.obj
c:\users\oliver\code\repos\personal\ada_assignment_3\debug\ada_assignment_3.pdb
c:\users\oliver\code\repos\personal\ada_assignment_3\ada_assignment_3\debug\ada_assignment_3.tlog\cl.command.1.tlog
c:\users\oliver\code\repos\personal\ada_assignment_3\ada_assignment_3\debug\ada_assignment_3.tlog\cl.read.1.tlog
c:\users\oliver\code\repos\personal\ada_assignment_3\ada_assignment_3\debug\ada_assignment_3.tlog\cl.write.1.tlog
c:\users\oliver\code\repos\personal\ada_assignment_3\ada_assignment_3\debug\ada_assignment_3.tlog\link-cvtres.read.1.tlog
c:\users\oliver\code\repos\personal\ada_assignment_3\ada_assignment_3\debug\ada_assignment_3.tlog\link-cvtres.write.1.tlog
c:\users\oliver\code\repos\personal\ada_assignment_3\ada_assignment_3\debug\ada_assignment_3.tlog\link-rc.read.1.tlog
c:\users\oliver\code\repos\personal\ada_assignment_3\ada_assignment_3\debug\ada_assignment_3.tlog\link-rc.write.1.tlog
c:\users\oliver\code\repos\personal\ada_assignment_3\ada_assignment_3\debug\ada_assignment_3.tlog\link.1968-cvtres.read.1.tlog
c:\users\oliver\code\repos\personal\ada_assignment_3\ada_assignment_3\debug\ada_assignment_3.tlog\link.1968-cvtres.write.1.tlog
c:\users\oliver\code\repos\personal\ada_assignment_3\ada_assignment_3\debug\ada_assignment_3.tlog\link.1968-rc.read.1.tlog
c:\users\oliver\code\repos\personal\ada_assignment_3\ada_assignment_3\debug\ada_assignment_3.tlog\link.1968-rc.write.1.tlog
c:\users\oliver\code\repos\personal\ada_assignment_3\ada_assignment_3\debug\ada_assignment_3.tlog\link.1968.read.1.tlog
c:\users\oliver\code\repos\personal\ada_assignment_3\ada_assignment_3\debug\ada_assignment_3.tlog\link.1968.write.1.tlog
c:\users\oliver\code\repos\personal\ada_assignment_3\ada_assignment_3\debug\ada_assignment_3.tlog\link.command.1.tlog
c:\users\oliver\code\repos\personal\ada_assignment_3\ada_assignment_3\debug\ada_assignment_3.tlog\link.read.1.tlog
c:\users\oliver\code\repos\personal\ada_assignment_3\ada_assignment_3\debug\ada_assignment_3.tlog\link.write.1.tlog
