c:\users\oliver\source\repos\primelocator\primelocator\debug\primelocator.pch
c:\users\oliver\source\repos\primelocator\primelocator\debug\vc141.pdb
c:\users\oliver\source\repos\primelocator\primelocator\debug\vc141.idb
c:\users\oliver\source\repos\primelocator\primelocator\debug\stdafx.obj
c:\users\oliver\source\repos\primelocator\primelocator\debug\primelocator.obj
c:\users\olive\code\repos\personal\primelocator\primelocator\debug\primelocator.pch
c:\users\olive\code\repos\personal\primelocator\primelocator\debug\vc141.pdb
c:\users\olive\code\repos\personal\primelocator\primelocator\debug\vc141.idb
c:\users\olive\code\repos\personal\primelocator\primelocator\debug\stdafx.obj
c:\users\olive\code\repos\personal\primelocator\primelocator\debug\primelocator.obj
c:\users\oliver\source\repos\primelocator\debug\primelocator.exe
c:\users\oliver\source\repos\primelocator\debug\primelocator.ilk
c:\users\oliver\source\repos\primelocator\debug\primelocator.pdb
c:\users\olive\code\repos\personal\primelocator\debug\primelocator.ilk
c:\users\olive\code\repos\personal\primelocator\debug\primelocator.exe
c:\users\olive\code\repos\personal\primelocator\debug\primelocator.pdb
c:\users\olive\code\repos\personal\primelocator\primelocator\debug\primelocator.obj.enc
c:\users\olive\code\repos\personal\primelocator\primelocator\debug\primelocator.tlog\cl.command.1.tlog
c:\users\olive\code\repos\personal\primelocator\primelocator\debug\primelocator.tlog\cl.read.1.tlog
c:\users\olive\code\repos\personal\primelocator\primelocator\debug\primelocator.tlog\cl.write.1.tlog
c:\users\olive\code\repos\personal\primelocator\primelocator\debug\primelocator.tlog\link.command.1.tlog
c:\users\olive\code\repos\personal\primelocator\primelocator\debug\primelocator.tlog\link.read.1.tlog
c:\users\olive\code\repos\personal\primelocator\primelocator\debug\primelocator.tlog\link.write.1.tlog
