c:\users\oliver\source\repos\icontesting_2\icontesting_2\debug\icontesting_2.pch
c:\users\oliver\source\repos\icontesting_2\icontesting_2\debug\vc141.pdb
c:\users\oliver\source\repos\icontesting_2\icontesting_2\debug\vc141.idb
c:\users\oliver\source\repos\icontesting_2\icontesting_2\debug\stdafx.obj
c:\users\oliver\source\repos\icontesting_2\icontesting_2\debug\icontesting_2.obj
c:\users\oliver\source\repos\icontesting_2\icontesting_2\debug\iconmanager.obj
c:\users\oliver\source\repos\icontesting_2\debug\icontesting_2.pdb
c:\users\oliver\source\repos\icontesting_2\icontesting_2\debug\icontesting_2.tlog\cl.command.1.tlog
c:\users\oliver\source\repos\icontesting_2\icontesting_2\debug\icontesting_2.tlog\cl.read.1.tlog
c:\users\oliver\source\repos\icontesting_2\icontesting_2\debug\icontesting_2.tlog\cl.write.1.tlog
c:\users\oliver\source\repos\icontesting_2\icontesting_2\debug\icontesting_2.tlog\link-cvtres.read.1.tlog
c:\users\oliver\source\repos\icontesting_2\icontesting_2\debug\icontesting_2.tlog\link-cvtres.write.1.tlog
c:\users\oliver\source\repos\icontesting_2\icontesting_2\debug\icontesting_2.tlog\link-rc.read.1.tlog
c:\users\oliver\source\repos\icontesting_2\icontesting_2\debug\icontesting_2.tlog\link-rc.write.1.tlog
c:\users\oliver\source\repos\icontesting_2\icontesting_2\debug\icontesting_2.tlog\link.12200-cvtres.read.1.tlog
c:\users\oliver\source\repos\icontesting_2\icontesting_2\debug\icontesting_2.tlog\link.12200-cvtres.write.1.tlog
c:\users\oliver\source\repos\icontesting_2\icontesting_2\debug\icontesting_2.tlog\link.12200-rc.read.1.tlog
c:\users\oliver\source\repos\icontesting_2\icontesting_2\debug\icontesting_2.tlog\link.12200-rc.write.1.tlog
c:\users\oliver\source\repos\icontesting_2\icontesting_2\debug\icontesting_2.tlog\link.12200.read.1.tlog
c:\users\oliver\source\repos\icontesting_2\icontesting_2\debug\icontesting_2.tlog\link.12200.write.1.tlog
c:\users\oliver\source\repos\icontesting_2\icontesting_2\debug\icontesting_2.tlog\link.command.1.tlog
c:\users\oliver\source\repos\icontesting_2\icontesting_2\debug\icontesting_2.tlog\link.read.1.tlog
c:\users\oliver\source\repos\icontesting_2\icontesting_2\debug\icontesting_2.tlog\link.write.1.tlog
