  Bug.cpp
c:\users\oliver\code\repos\personal\bugchasing\bugchasing\bug.cpp(67): warning C4244: 'argument': conversion from 'double' to 'int', possible loss of data
c:\users\oliver\code\repos\personal\bugchasing\bugchasing\bug.cpp(78): warning C4244: 'argument': conversion from 'double' to 'int', possible loss of data
c:\users\oliver\code\repos\personal\bugchasing\bugchasing\bug.cpp(91): warning C4244: 'argument': conversion from 'double' to 'int', possible loss of data
c:\users\oliver\code\repos\personal\bugchasing\bugchasing\bug.cpp(91): warning C4244: 'return': conversion from 'double' to 'int', possible loss of data
  Bug1.cpp
  Bug2.cpp
  BugChasing.cpp
  Image.cpp
c:\users\oliver\code\repos\personal\bugchasing\bugchasing\image.cpp(36): error C2556: 'std::vector<std::vector<tiles,std::allocator<_Ty>>,std::allocator<std::vector<_Ty,std::allocator<_Ty>>>> Image::getMapTiles(void)': overloaded function differs only by return type from 'std::vector<std::vector<node,std::allocator<_Ty>>,std::allocator<std::vector<_Ty,std::allocator<_Ty>>>> Image::getMapTiles(void)'
          with
          [
              _Ty=tiles
          ]
          and
          [
              _Ty=node
          ]
  c:\users\oliver\code\repos\personal\bugchasing\bugchasing\image.h(37): note: see declaration of 'Image::getMapTiles'
c:\users\oliver\code\repos\personal\bugchasing\bugchasing\image.cpp(35): error C2371: 'Image::getMapTiles': redefinition; different basic types
  c:\users\oliver\code\repos\personal\bugchasing\bugchasing\image.h(37): note: see declaration of 'Image::getMapTiles'
  Map.cpp
c:\users\oliver\code\repos\personal\bugchasing\bugchasing\map.cpp(11): error C2679: binary '=': no operator found which takes a right-hand operand of type 'std::vector<std::vector<node,std::allocator<_Ty>>,std::allocator<std::vector<_Ty,std::allocator<_Ty>>>>' (or there is no acceptable conversion)
          with
          [
              _Ty=node
          ]
  d:\visual studio\vc\tools\msvc\14.13.26128\include\vector(1479): note: could be 'std::vector<std::vector<tiles,std::allocator<_Ty>>,std::allocator<std::vector<_Ty,std::allocator<_Ty>>>> &std::vector<std::vector<_Ty,std::allocator<_Ty>>,std::allocator<std::vector<_Ty,std::allocator<_Ty>>>>::operator =(std::initializer_list<std::vector<_Ty,std::allocator<_Ty>>>)'
          with
          [
              _Ty=tiles
          ]
  d:\visual studio\vc\tools\msvc\14.13.26128\include\vector(1458): note: or       'std::vector<std::vector<tiles,std::allocator<_Ty>>,std::allocator<std::vector<_Ty,std::allocator<_Ty>>>> &std::vector<std::vector<_Ty,std::allocator<_Ty>>,std::allocator<std::vector<_Ty,std::allocator<_Ty>>>>::operator =(const std::vector<std::vector<_Ty,std::allocator<_Ty>>,std::allocator<std::vector<_Ty,std::allocator<_Ty>>>> &)'
          with
          [
              _Ty=tiles
          ]
  d:\visual studio\vc\tools\msvc\14.13.26128\include\vector(910): note: or       'std::vector<std::vector<tiles,std::allocator<_Ty>>,std::allocator<std::vector<_Ty,std::allocator<_Ty>>>> &std::vector<std::vector<_Ty,std::allocator<_Ty>>,std::allocator<std::vector<_Ty,std::allocator<_Ty>>>>::operator =(std::vector<std::vector<_Ty,std::allocator<_Ty>>,std::allocator<std::vector<_Ty,std::allocator<_Ty>>>> &&) noexcept(<expr>)'
          with
          [
              _Ty=tiles
          ]
  c:\users\oliver\code\repos\personal\bugchasing\bugchasing\map.cpp(11): note: while trying to match the argument list '(std::vector<std::vector<tiles,std::allocator<_Ty>>,std::allocator<std::vector<_Ty,std::allocator<_Ty>>>>, std::vector<std::vector<node,std::allocator<_Ty>>,std::allocator<std::vector<_Ty,std::allocator<_Ty>>>>)'
          with
          [
              _Ty=tiles
          ]
          and
          [
              _Ty=node
          ]
c:\users\oliver\code\repos\personal\bugchasing\bugchasing\map.cpp(25): warning C4267: 'initializing': conversion from 'size_t' to 'int', possible loss of data
c:\users\oliver\code\repos\personal\bugchasing\bugchasing\map.cpp(26): warning C4267: 'initializing': conversion from 'size_t' to 'int', possible loss of data
  Simulation.cpp
  StarBug.cpp
  Generating Code...
