c:\users\oliver\source\repos\bugchasing\bugchasing\x64\debug\vc141.pdb
c:\users\oliver\source\repos\bugchasing\bugchasing\x64\debug\vc141.idb
c:\users\oliver\source\repos\bugchasing\bugchasing\x64\debug\stat.obj
c:\users\oliver\source\repos\bugchasing\bugchasing\x64\debug\simulation.obj
c:\users\oliver\source\repos\bugchasing\bugchasing\x64\debug\bugchasing.obj
c:\users\oliver\source\repos\bugchasing\bugchasing\x64\debug\bugchasing.pch
c:\users\oliver\source\repos\bugchasing\bugchasing\x64\debug\stdafx.obj
c:\users\oliver\source\repos\bugchasing\bugchasing\x64\debug\position.obj
c:\users\oliver\source\repos\bugchasing\bugchasing\x64\debug\map.obj
c:\users\oliver\source\repos\bugchasing\bugchasing\x64\debug\image.obj
c:\users\oliver\source\repos\bugchasing\bugchasing\x64\debug\direction.obj
c:\users\oliver\source\repos\bugchasing\bugchasing\x64\debug\bug2.obj
c:\users\oliver\source\repos\bugchasing\bugchasing\x64\debug\bug1.obj
c:\users\oliver\source\repos\bugchasing\bugchasing\x64\debug\bug.obj
c:\users\oliver\source\repos\bugchasing\x64\debug\bugchasing.exe
c:\users\oliver\source\repos\bugchasing\x64\debug\bugchasing.ilk
c:\users\oliver\source\repos\bugchasing\x64\debug\bugchasing.pdb
c:\users\oliver\source\repos\bugchasing\bugchasing\x64\debug\bugchasing.tlog\cl.command.1.tlog
c:\users\oliver\source\repos\bugchasing\bugchasing\x64\debug\bugchasing.tlog\cl.read.1.tlog
c:\users\oliver\source\repos\bugchasing\bugchasing\x64\debug\bugchasing.tlog\cl.write.1.tlog
c:\users\oliver\source\repos\bugchasing\bugchasing\x64\debug\bugchasing.tlog\link.command.1.tlog
c:\users\oliver\source\repos\bugchasing\bugchasing\x64\debug\bugchasing.tlog\link.read.1.tlog
c:\users\oliver\source\repos\bugchasing\bugchasing\x64\debug\bugchasing.tlog\link.write.1.tlog
